<?xml version="1.0" encoding="UTF-8"?>
<!-- Generated by org.testng.reporters.JUnitReportReporter -->
<testsuite hostname="LN0C5772E6454B" name="Arquillian.SearchPageTest" tests="10" failures="0" timestamp="30 Jul 2018 23:40:01 GMT" time="20.888" errors="0">
  <testcase name="googleTest" time="3.096" classname="Arquillian.SearchPageTest"/>
  <testcase name="googleTest" time="1.990" classname="Arquillian.SearchPageTest"/>
  <testcase name="googleTest" time="1.753" classname="Arquillian.SearchPageTest"/>
  <testcase name="googleTest" time="4.976" classname="Arquillian.SearchPageTest"/>
  <testcase name="googleTest" time="1.417" classname="Arquillian.SearchPageTest"/>
  <testcase name="googleTest" time="1.488" classname="Arquillian.SearchPageTest"/>
  <testcase name="googleTest" time="1.866" classname="Arquillian.SearchPageTest"/>
  <testcase name="googleTest" time="1.378" classname="Arquillian.SearchPageTest"/>
  <testcase name="googleTest" time="1.299" classname="Arquillian.SearchPageTest"/>
  <testcase name="googleTest" time="1.625" classname="Arquillian.SearchPageTest"/>
</testsuite> <!-- Arquillian.SearchPageTest -->
