<?xml version="1.0" encoding="UTF-8"?>
<!-- Generated by org.testng.reporters.JUnitReportReporter -->
<testsuite skipped="0" hostname="LN0C5772E6454B" name="DockerDownloadFile.AppTest" tests="1" failures="0" timestamp="09 Aug 2018 00:06:22 GMT" time="0.019" errors="0">
  <testcase name="testApp" time="0.019" classname="DockerDownloadFile.AppTest"/>
</testsuite> <!-- DockerDownloadFile.AppTest -->
