<?xml version="1.0" encoding="UTF-8"?>
<!-- Generated by org.testng.reporters.JUnitReportReporter -->
<testsuite hostname="LN0C5772E6454B" name="Elasticsearch_Kibana_On_Docker.SampleTest" tests="1" failures="0" timestamp="1 Jul 2018 23:49:02 GMT" time="0.012" errors="0">
  <testcase name="appTest" time="0.012" classname="Elasticsearch_Kibana_On_Docker.SampleTest"/>
</testsuite> <!-- Elasticsearch_Kibana_On_Docker.SampleTest -->
