<?xml version="1.0" encoding="UTF-8"?>
<!-- Generated by org.testng.reporters.JUnitReportReporter -->
<testsuite skipped="0" hostname="LN0C5772E6454B" name="com.testautomationguru.container.test.OrderTest" tests="12" failures="0" timestamp="25 Jun 2018 23:59:03 GMT" time="128.321" errors="0">
  <testcase name="googleTest" time="12.878" classname="com.testautomationguru.container.test.OrderTest"/>
  <testcase name="googleTest" time="9.952" classname="com.testautomationguru.container.test.OrderTest"/>
  <testcase name="googleTest" time="21.984" classname="com.testautomationguru.container.test.OrderTest"/>
  <testcase name="googleTest" time="8.003" classname="com.testautomationguru.container.test.OrderTest"/>
  <testcase name="googleTest" time="10.408" classname="com.testautomationguru.container.test.OrderTest"/>
  <testcase name="googleTest" time="12.908" classname="com.testautomationguru.container.test.OrderTest"/>
  <testcase name="googleTest" time="7.674" classname="com.testautomationguru.container.test.OrderTest"/>
  <testcase name="googleTest" time="11.147" classname="com.testautomationguru.container.test.OrderTest"/>
  <testcase name="googleTest" time="6.810" classname="com.testautomationguru.container.test.OrderTest"/>
  <testcase name="googleTest" time="5.468" classname="com.testautomationguru.container.test.OrderTest"/>
  <testcase name="googleTest" time="12.978" classname="com.testautomationguru.container.test.OrderTest"/>
  <testcase name="googleTest" time="8.111" classname="com.testautomationguru.container.test.OrderTest"/>
</testsuite> <!-- com.testautomationguru.container.test.OrderTest -->
