<?xml version="1.0" encoding="UTF-8"?>
<!-- Generated by org.testng.reporters.JUnitReportReporter -->
<testsuite hostname="LN0C5772E6454B" name="takeScreenshot.TakeScreenshot" tests="1" failures="0" timestamp="31 May 2018 06:49:10 GMT" time="3.755" errors="0">
  <testcase name="testTakeScreenShot" time="3.755" classname="takeScreenshot.TakeScreenshot"/>
</testsuite> <!-- takeScreenshot.TakeScreenshot -->
