<?xml version="1.0" encoding="UTF-8"?>
<!-- Generated by org.testng.reporters.JUnitReportReporter -->
<testsuite hostname="LN0C5772E6454B" name="extendreports.Extentreports" tests="1" failures="0" timestamp="31 May 2018 02:36:28 GMT" time="6.648" errors="0">
  <testcase name="verifySeleniumBlog" time="6.648" classname="extendreports.Extentreports"/>
</testsuite> <!-- extendreports.Extentreports -->
