<?xml version="1.0" encoding="UTF-8"?>
<!-- Generated by org.testng.reporters.JUnitReportReporter -->
<testsuite hostname="LN0C5772E6454B" name="testCases.HybridExecuteTest" tests="10" failures="0" timestamp="28 May 2018 09:08:29 GMT" time="7.383" errors="0">
  <testcase name="testLogin" time="1.073" classname="testCases.HybridExecuteTest"/>
  <testcase name="testLogin" time="0.076" classname="testCases.HybridExecuteTest"/>
  <testcase name="testLogin" time="1.205" classname="testCases.HybridExecuteTest"/>
  <testcase name="testLogin" time="0.096" classname="testCases.HybridExecuteTest"/>
  <testcase name="testLogin" time="0.262" classname="testCases.HybridExecuteTest"/>
  <testcase name="testLogin" time="0.104" classname="testCases.HybridExecuteTest"/>
  <testcase name="testLogin" time="2.471" classname="testCases.HybridExecuteTest"/>
  <testcase name="testLogin" time="0.096" classname="testCases.HybridExecuteTest"/>
  <testcase name="testLogin" time="1.756" classname="testCases.HybridExecuteTest"/>
  <testcase name="testLogin" time="0.244" classname="testCases.HybridExecuteTest"/>
</testsuite> <!-- testCases.HybridExecuteTest -->
