<?xml version="1.0" encoding="UTF-8"?>
<!-- Generated by org.testng.reporters.JUnitReportReporter -->
<testsuite skipped="0" hostname="LN0C5772E6454B" name="com.testautomationguru.container.test.SearchTest" tests="10" failures="0" timestamp="26 Jun 2018 08:08:16 GMT" time="20.284" errors="0">
  <testcase name="googleTest" time="1.999" classname="com.testautomationguru.container.test.SearchTest"/>
  <testcase name="googleTest" time="3.462" classname="com.testautomationguru.container.test.SearchTest"/>
  <testcase name="googleTest" time="1.678" classname="com.testautomationguru.container.test.SearchTest"/>
  <testcase name="googleTest" time="2.027" classname="com.testautomationguru.container.test.SearchTest"/>
  <testcase name="googleTest" time="1.731" classname="com.testautomationguru.container.test.SearchTest"/>
  <testcase name="googleTest" time="1.780" classname="com.testautomationguru.container.test.SearchTest"/>
  <testcase name="googleTest" time="1.797" classname="com.testautomationguru.container.test.SearchTest"/>
  <testcase name="googleTest" time="2.131" classname="com.testautomationguru.container.test.SearchTest"/>
  <testcase name="googleTest" time="1.736" classname="com.testautomationguru.container.test.SearchTest"/>
  <testcase name="googleTest" time="1.943" classname="com.testautomationguru.container.test.SearchTest"/>
</testsuite> <!-- com.testautomationguru.container.test.SearchTest -->
