<?xml version="1.0" encoding="UTF-8"?>
<!-- Generated by org.testng.reporters.JUnitReportReporter -->
<testsuite skipped="0" hostname="LN0C5772E6454B" name="webTours.TestRunner" tests="2" failures="0" timestamp="08 Jul 2018 04:31:19 GMT" time="2.021" errors="0">
  <testcase name="LoginTest" time="1.556" classname="webTours.TestRunner"/>
  <testcase name="LogoutTest" time="0.465" classname="webTours.TestRunner"/>
</testsuite> <!-- webTours.TestRunner -->
