<?xml version="1.0" encoding="UTF-8"?>
<!-- Generated by org.testng.reporters.JUnitReportReporter -->
<testsuite hostname="LN0C5772E6454B" name="extendreports.Extendreports" tests="1" failures="0" timestamp="30 May 2018 07:28:28 GMT" time="5.330" errors="0">
  <testcase name="verifySeleniumBlog" time="5.330" classname="extendreports.Extendreports"/>
</testsuite> <!-- extendreports.Extendreports -->
