<?xml version="1.0" encoding="UTF-8"?>
<!-- Generated by org.testng.reporters.JUnitReportReporter -->
<testsuite hostname="LN0C5772E6454B" name="Switch_Browsers_Window.ToolsQATest" tests="1" failures="0" timestamp="28 Jul 2018 18:40:36 GMT" time="21.617" errors="0">
  <testcase name="testRobot" time="21.617" classname="Switch_Browsers_Window.ToolsQATest"/>
</testsuite> <!-- Switch_Browsers_Window.ToolsQATest -->
